2025-09-12 20:56:20,661 - INFO - Fetched 503 S&P 500 tickers successfully.
2025-09-12 20:56:21,499 - INFO - Inserted fundamentals for MMM
2025-09-12 20:56:21,511 - INFO - Inserted financials for MMM
2025-09-12 20:56:21,775 - INFO - Inserted fundamentals for AOS
2025-09-12 20:56:21,785 - INFO - Inserted financials for AOS
2025-09-12 20:56:22,029 - INFO - Inserted fundamentals for ABT
2025-09-12 20:56:22,040 - INFO - Inserted financials for ABT
2025-09-12 20:56:22,326 - INFO - Inserted fundamentals for ABBV
2025-09-12 20:56:22,336 - INFO - Inserted financials for ABBV
2025-09-12 20:56:22,635 - INFO - Inserted fundamentals for ACN
2025-09-12 20:56:22,647 - INFO - Inserted financials for ACN
2025-09-12 20:56:22,970 - INFO - Inserted fundamentals for ADBE
2025-09-12 20:56:22,981 - INFO - Inserted financials for ADBE
2025-09-12 20:56:23,264 - INFO - Inserted fundamentals for AMD
2025-09-12 20:56:23,277 - INFO - Inserted financials for AMD
2025-09-12 20:56:23,554 - INFO - Inserted fundamentals for AES
2025-09-12 20:56:23,564 - INFO - Inserted financials for AES
2025-09-12 20:56:23,813 - INFO - Inserted fundamentals for AFL
2025-09-12 20:56:23,822 - INFO - Inserted financials for AFL
2025-09-12 20:56:24,084 - INFO - Inserted fundamentals for A
2025-09-12 20:56:24,101 - INFO - Inserted financials for A
2025-09-12 20:56:24,101 - INFO - Processed 10/503 tickers
2025-09-12 20:56:24,357 - INFO - Inserted fundamentals for APD
2025-09-12 20:56:24,369 - INFO - Inserted financials for APD
2025-09-12 20:56:24,645 - INFO - Inserted fundamentals for ABNB
2025-09-12 20:56:24,660 - INFO - Inserted financials for ABNB
2025-09-12 20:56:24,946 - INFO - Inserted fundamentals for AKAM
2025-09-12 20:56:24,956 - INFO - Inserted financials for AKAM
2025-09-12 20:56:25,235 - INFO - Inserted fundamentals for ALB
2025-09-12 20:56:25,248 - INFO - Inserted financials for ALB
2025-09-12 20:56:25,670 - INFO - Inserted fundamentals for ARE
2025-09-12 20:56:25,680 - INFO - Inserted financials for ARE
2025-09-12 20:56:25,947 - INFO - Inserted fundamentals for ALGN
2025-09-12 20:56:25,954 - INFO - Inserted financials for ALGN
2025-09-12 20:56:26,232 - INFO - Inserted fundamentals for ALLE
2025-09-12 20:56:26,240 - INFO - Inserted financials for ALLE
2025-09-12 20:56:26,772 - INFO - Inserted fundamentals for LNT
2025-09-12 20:56:26,780 - INFO - Inserted financials for LNT
2025-09-12 20:56:27,055 - INFO - Inserted fundamentals for ALL
2025-09-12 20:56:27,065 - INFO - Inserted financials for ALL
2025-09-12 20:56:27,381 - INFO - Inserted fundamentals for GOOGL
2025-09-12 20:56:27,390 - INFO - Inserted financials for GOOGL
2025-09-12 20:56:27,390 - INFO - Processed 20/503 tickers
2025-09-12 20:56:27,942 - INFO - Inserted fundamentals for GOOG
2025-09-12 20:56:27,951 - INFO - Inserted financials for GOOG
2025-09-12 20:56:28,465 - INFO - Inserted fundamentals for MO
2025-09-12 20:56:28,477 - INFO - Inserted financials for MO
2025-09-12 20:56:28,719 - INFO - Inserted fundamentals for AMZN
2025-09-12 20:56:28,726 - INFO - Inserted financials for AMZN
2025-09-12 20:56:28,990 - INFO - Inserted fundamentals for AMCR
2025-09-12 20:56:29,007 - INFO - Inserted financials for AMCR
2025-09-12 20:56:29,255 - INFO - Inserted fundamentals for AEE
2025-09-12 20:56:29,266 - INFO - Inserted financials for AEE
2025-09-12 20:56:29,540 - INFO - Inserted fundamentals for AEP
2025-09-12 20:56:29,563 - INFO - Inserted financials for AEP
2025-09-12 20:56:29,805 - INFO - Inserted fundamentals for AXP
2025-09-12 20:56:29,814 - INFO - Inserted financials for AXP
2025-09-12 20:56:30,073 - INFO - Inserted fundamentals for AIG
2025-09-12 20:56:30,080 - INFO - Inserted financials for AIG
2025-09-12 20:56:30,344 - INFO - Inserted fundamentals for AMT
2025-09-12 20:56:30,356 - INFO - Inserted financials for AMT
2025-09-12 20:56:30,594 - INFO - Inserted fundamentals for AWK
2025-09-12 20:56:30,601 - INFO - Inserted financials for AWK
2025-09-12 20:56:30,601 - INFO - Processed 30/503 tickers
2025-09-12 20:56:30,872 - INFO - Inserted fundamentals for AMP
2025-09-12 20:56:30,881 - INFO - Inserted financials for AMP
2025-09-12 20:56:31,146 - INFO - Inserted fundamentals for AME
2025-09-12 20:56:31,153 - INFO - Inserted financials for AME
2025-09-12 20:56:31,422 - INFO - Inserted fundamentals for AMGN
2025-09-12 20:56:31,434 - INFO - Inserted financials for AMGN
2025-09-12 20:56:31,684 - INFO - Inserted fundamentals for APH
2025-09-12 20:56:31,692 - INFO - Inserted financials for APH
2025-09-12 20:56:32,068 - INFO - Inserted fundamentals for ADI
2025-09-12 20:56:32,077 - INFO - Inserted financials for ADI
2025-09-12 20:56:32,383 - INFO - Inserted fundamentals for AON
2025-09-12 20:56:32,392 - INFO - Inserted financials for AON
2025-09-12 20:56:32,646 - INFO - Inserted fundamentals for APA
2025-09-12 20:56:32,656 - INFO - Inserted financials for APA
2025-09-12 20:56:32,941 - INFO - Inserted fundamentals for APO
2025-09-12 20:56:32,951 - INFO - Inserted financials for APO
2025-09-12 20:56:33,238 - INFO - Inserted fundamentals for AAPL
2025-09-12 20:56:33,249 - INFO - Inserted financials for AAPL
2025-09-12 20:56:33,514 - INFO - Inserted fundamentals for AMAT
2025-09-12 20:56:33,522 - INFO - Inserted financials for AMAT
2025-09-12 20:56:33,522 - INFO - Processed 40/503 tickers
2025-09-12 20:56:33,757 - INFO - Inserted fundamentals for APTV
2025-09-12 20:56:33,765 - INFO - Inserted financials for APTV
2025-09-12 20:56:34,010 - INFO - Inserted fundamentals for ACGL
2025-09-12 20:56:34,016 - INFO - Inserted financials for ACGL
2025-09-12 20:56:34,256 - INFO - Inserted fundamentals for ADM
2025-09-12 20:56:34,265 - INFO - Inserted financials for ADM
2025-09-12 20:56:34,497 - INFO - Inserted fundamentals for ANET
2025-09-12 20:56:34,505 - INFO - Inserted financials for ANET
2025-09-12 20:56:34,763 - INFO - Inserted fundamentals for AJG
2025-09-12 20:56:34,772 - INFO - Inserted financials for AJG
2025-09-12 20:56:35,025 - INFO - Inserted fundamentals for AIZ
2025-09-12 20:56:35,035 - INFO - Inserted financials for AIZ
2025-09-12 20:56:35,292 - INFO - Inserted fundamentals for T
2025-09-12 20:56:35,304 - INFO - Inserted financials for T
2025-09-12 20:56:35,564 - INFO - Inserted fundamentals for ATO
2025-09-12 20:56:35,577 - INFO - Inserted financials for ATO
2025-09-12 20:56:35,862 - INFO - Inserted fundamentals for ADSK
2025-09-12 20:56:35,873 - INFO - Inserted financials for ADSK
2025-09-12 20:56:36,131 - INFO - Inserted fundamentals for ADP
2025-09-12 20:56:36,141 - INFO - Inserted financials for ADP
2025-09-12 20:56:36,142 - INFO - Processed 50/503 tickers
2025-09-12 20:56:36,441 - INFO - Inserted fundamentals for AZO
2025-09-12 20:56:36,458 - INFO - Inserted financials for AZO
2025-09-12 20:56:36,741 - INFO - Inserted fundamentals for AVB
2025-09-12 20:56:36,751 - INFO - Inserted financials for AVB
2025-09-12 20:56:37,145 - INFO - Inserted fundamentals for AVY
2025-09-12 20:56:37,155 - INFO - Inserted financials for AVY
2025-09-12 20:56:37,424 - INFO - Inserted fundamentals for AXON
2025-09-12 20:56:37,433 - INFO - Inserted financials for AXON
2025-09-12 20:56:37,675 - INFO - Inserted fundamentals for BKR
2025-09-12 20:56:37,685 - INFO - Inserted financials for BKR
2025-09-12 20:56:37,978 - INFO - Inserted fundamentals for BALL
2025-09-12 20:56:37,988 - INFO - Inserted financials for BALL
2025-09-12 20:56:38,292 - INFO - Inserted fundamentals for BAC
2025-09-12 20:56:38,303 - INFO - Inserted financials for BAC
2025-09-12 20:56:38,820 - INFO - Inserted fundamentals for BAX
2025-09-12 20:56:38,830 - INFO - Inserted financials for BAX
2025-09-12 20:56:39,108 - INFO - Inserted fundamentals for BDX
2025-09-12 20:56:39,117 - INFO - Inserted financials for BDX
2025-09-12 20:56:39,370 - INFO - Inserted fundamentals for BRK.B
2025-09-12 20:56:39,382 - INFO - Inserted financials for BRK.B
2025-09-12 20:56:39,382 - INFO - Processed 60/503 tickers
2025-09-12 20:56:39,657 - INFO - Inserted fundamentals for BBY
2025-09-12 20:56:39,667 - INFO - Inserted financials for BBY
2025-09-12 20:56:39,923 - INFO - Inserted fundamentals for TECH
2025-09-12 20:56:39,937 - INFO - Inserted financials for TECH
2025-09-12 20:56:40,315 - INFO - Inserted fundamentals for BIIB
2025-09-12 20:56:40,326 - INFO - Inserted financials for BIIB
2025-09-12 20:56:40,578 - INFO - Inserted fundamentals for BLK
2025-09-12 20:56:40,589 - INFO - Inserted financials for BLK
2025-09-12 20:56:40,856 - INFO - Inserted fundamentals for BX
2025-09-12 20:56:40,866 - INFO - Inserted financials for BX
2025-09-12 20:56:41,135 - INFO - Inserted fundamentals for XYZ
2025-09-12 20:56:41,145 - INFO - Inserted financials for XYZ
2025-09-12 20:56:41,450 - INFO - Inserted fundamentals for BK
2025-09-12 20:56:41,463 - INFO - Inserted financials for BK
2025-09-12 20:56:41,703 - INFO - Inserted fundamentals for BA
2025-09-12 20:56:41,712 - INFO - Inserted financials for BA
2025-09-12 20:56:41,984 - INFO - Inserted fundamentals for BKNG
2025-09-12 20:56:41,994 - INFO - Inserted financials for BKNG
2025-09-12 20:56:42,304 - INFO - Inserted fundamentals for BSX
2025-09-12 20:56:42,315 - INFO - Inserted financials for BSX
2025-09-12 20:56:42,315 - INFO - Processed 70/503 tickers
2025-09-12 20:56:44,048 - INFO - Inserted fundamentals for BMY
2025-09-12 20:56:44,059 - INFO - Inserted financials for BMY
2025-09-12 20:56:44,336 - INFO - Inserted fundamentals for AVGO
2025-09-12 20:56:44,346 - INFO - Inserted financials for AVGO
2025-09-12 20:56:44,694 - INFO - Inserted fundamentals for BR
2025-09-12 20:56:44,704 - INFO - Inserted financials for BR
2025-09-12 20:56:44,944 - INFO - Inserted fundamentals for BRO
2025-09-12 20:56:44,955 - INFO - Inserted financials for BRO
2025-09-12 20:56:45,214 - INFO - Inserted fundamentals for BF.B
2025-09-12 20:56:45,224 - INFO - Inserted financials for BF.B
2025-09-12 20:56:45,491 - INFO - Inserted fundamentals for BLDR
2025-09-12 20:56:45,498 - INFO - Inserted financials for BLDR
2025-09-12 20:56:45,744 - INFO - Inserted fundamentals for BG
2025-09-12 20:56:45,757 - INFO - Inserted financials for BG
2025-09-12 20:56:46,001 - INFO - Inserted fundamentals for BXP
2025-09-12 20:56:46,045 - INFO - Inserted financials for BXP
2025-09-12 20:56:46,277 - INFO - Inserted fundamentals for CHRW
2025-09-12 20:56:46,291 - INFO - Inserted financials for CHRW
2025-09-12 20:56:46,565 - INFO - Inserted fundamentals for CDNS
2025-09-12 20:56:46,584 - INFO - Inserted financials for CDNS
2025-09-12 20:56:46,584 - INFO - Processed 80/503 tickers
2025-09-12 20:56:46,842 - INFO - Inserted fundamentals for CZR
2025-09-12 20:56:46,855 - INFO - Inserted financials for CZR
2025-09-12 20:56:47,109 - INFO - Inserted fundamentals for CPT
2025-09-12 20:56:47,122 - INFO - Inserted financials for CPT
2025-09-12 20:56:47,387 - INFO - Inserted fundamentals for CPB
2025-09-12 20:56:47,399 - INFO - Inserted financials for CPB
2025-09-12 20:56:47,636 - INFO - Inserted fundamentals for COF
2025-09-12 20:56:47,647 - INFO - Inserted financials for COF
2025-09-12 20:56:47,897 - INFO - Inserted fundamentals for CAH
2025-09-12 20:56:47,906 - INFO - Inserted financials for CAH
2025-09-12 20:56:49,898 - INFO - Inserted fundamentals for KMX
2025-09-12 20:56:49,910 - INFO - Inserted financials for KMX
2025-09-12 20:56:50,151 - INFO - Inserted fundamentals for CCL
2025-09-12 20:56:50,159 - INFO - Inserted financials for CCL
2025-09-12 20:56:50,402 - INFO - Inserted fundamentals for CARR
2025-09-12 20:56:50,412 - INFO - Inserted financials for CARR
2025-09-12 20:56:50,662 - INFO - Inserted fundamentals for CAT
2025-09-12 20:56:50,672 - INFO - Inserted financials for CAT
2025-09-12 20:56:50,956 - INFO - Inserted fundamentals for CBOE
2025-09-12 20:56:50,966 - INFO - Inserted financials for CBOE
2025-09-12 20:56:50,966 - INFO - Processed 90/503 tickers
2025-09-12 20:56:51,247 - INFO - Inserted fundamentals for CBRE
2025-09-12 20:56:51,260 - INFO - Inserted financials for CBRE
2025-09-12 20:56:51,554 - INFO - Inserted fundamentals for CDW
2025-09-12 20:56:51,569 - INFO - Inserted financials for CDW
2025-09-12 20:56:51,818 - INFO - Inserted fundamentals for COR
2025-09-12 20:56:51,829 - INFO - Inserted financials for COR
2025-09-12 20:56:52,066 - INFO - Inserted fundamentals for CNC
2025-09-12 20:56:52,077 - INFO - Inserted financials for CNC
2025-09-12 20:56:52,307 - INFO - Inserted fundamentals for CNP
2025-09-12 20:56:52,316 - INFO - Inserted financials for CNP
2025-09-12 20:56:52,573 - INFO - Inserted fundamentals for CF
2025-09-12 20:56:52,584 - INFO - Inserted financials for CF
2025-09-12 20:56:52,850 - INFO - Inserted fundamentals for CRL
2025-09-12 20:56:52,865 - INFO - Inserted financials for CRL
2025-09-12 20:56:53,279 - INFO - Inserted fundamentals for SCHW
2025-09-12 20:56:53,290 - INFO - Inserted financials for SCHW
2025-09-12 20:56:53,533 - INFO - Inserted fundamentals for CHTR
2025-09-12 20:56:53,548 - INFO - Inserted financials for CHTR
2025-09-12 20:56:53,794 - INFO - Inserted fundamentals for CVX
2025-09-12 20:56:53,805 - INFO - Inserted financials for CVX
2025-09-12 20:56:53,805 - INFO - Processed 100/503 tickers
2025-09-12 20:56:54,042 - INFO - Inserted fundamentals for CMG
2025-09-12 20:56:54,052 - INFO - Inserted financials for CMG
2025-09-12 20:56:54,321 - INFO - Inserted fundamentals for CB
2025-09-12 20:56:54,335 - INFO - Inserted financials for CB
2025-09-12 20:56:54,575 - INFO - Inserted fundamentals for CHD
2025-09-12 20:56:54,583 - INFO - Inserted financials for CHD
2025-09-12 20:56:54,855 - INFO - Inserted fundamentals for CI
2025-09-12 20:56:54,864 - INFO - Inserted financials for CI
2025-09-12 20:56:55,129 - INFO - Inserted fundamentals for CINF
2025-09-12 20:56:55,144 - INFO - Inserted financials for CINF
2025-09-12 20:56:55,414 - INFO - Inserted fundamentals for CTAS
2025-09-12 20:56:55,425 - INFO - Inserted financials for CTAS
2025-09-12 20:56:55,671 - INFO - Inserted fundamentals for CSCO
2025-09-12 20:56:55,681 - INFO - Inserted financials for CSCO
2025-09-12 20:56:55,926 - INFO - Inserted fundamentals for C
2025-09-12 20:56:55,938 - INFO - Inserted financials for C
2025-09-12 20:56:56,180 - INFO - Inserted fundamentals for CFG
2025-09-12 20:56:56,196 - INFO - Inserted financials for CFG
2025-09-12 20:56:56,447 - INFO - Inserted fundamentals for CLX
2025-09-12 20:56:56,457 - INFO - Inserted financials for CLX
2025-09-12 20:56:56,457 - INFO - Processed 110/503 tickers
2025-09-12 20:56:56,707 - INFO - Inserted fundamentals for CME
2025-09-12 20:56:56,719 - INFO - Inserted financials for CME
2025-09-12 20:56:56,967 - INFO - Inserted fundamentals for CMS
2025-09-12 20:56:56,977 - INFO - Inserted financials for CMS
2025-09-12 20:56:57,329 - INFO - Inserted fundamentals for KO
2025-09-12 20:56:57,340 - INFO - Inserted financials for KO
2025-09-12 20:56:57,627 - INFO - Inserted fundamentals for CTSH
2025-09-12 20:56:57,642 - INFO - Inserted financials for CTSH
2025-09-12 20:56:57,931 - INFO - Inserted fundamentals for COIN
2025-09-12 20:56:57,939 - INFO - Inserted financials for COIN
2025-09-12 20:56:58,197 - INFO - Inserted fundamentals for CL
2025-09-12 20:56:58,206 - INFO - Inserted financials for CL
2025-09-12 20:56:58,550 - INFO - Inserted fundamentals for CMCSA
2025-09-12 20:56:58,560 - INFO - Inserted financials for CMCSA
2025-09-12 20:56:58,828 - INFO - Inserted fundamentals for CAG
2025-09-12 20:56:58,842 - INFO - Inserted financials for CAG
2025-09-12 20:56:59,104 - INFO - Inserted fundamentals for COP
2025-09-12 20:56:59,114 - INFO - Inserted financials for COP
2025-09-12 20:56:59,416 - INFO - Inserted fundamentals for ED
2025-09-12 20:56:59,428 - INFO - Inserted financials for ED
2025-09-12 20:56:59,428 - INFO - Processed 120/503 tickers
2025-09-12 20:56:59,739 - INFO - Inserted fundamentals for STZ
2025-09-12 20:56:59,753 - INFO - Inserted financials for STZ
2025-09-12 20:57:00,022 - INFO - Inserted fundamentals for CEG
2025-09-12 20:57:00,036 - INFO - Inserted financials for CEG
2025-09-12 20:57:00,324 - INFO - Inserted fundamentals for COO
2025-09-12 20:57:00,341 - INFO - Inserted financials for COO
2025-09-12 20:57:00,622 - INFO - Inserted fundamentals for CPRT
2025-09-12 20:57:00,647 - INFO - Inserted financials for CPRT
2025-09-12 20:57:00,919 - INFO - Inserted fundamentals for GLW
2025-09-12 20:57:00,933 - INFO - Inserted financials for GLW
2025-09-12 20:57:01,219 - INFO - Inserted fundamentals for CPAY
2025-09-12 20:57:01,237 - INFO - Inserted financials for CPAY
2025-09-12 20:57:01,498 - INFO - Inserted fundamentals for CTVA
2025-09-12 20:57:01,510 - INFO - Inserted financials for CTVA
2025-09-12 20:57:01,808 - INFO - Inserted fundamentals for CSGP
2025-09-12 20:57:01,830 - INFO - Inserted financials for CSGP
2025-09-12 20:57:02,103 - INFO - Inserted fundamentals for COST
2025-09-12 20:57:02,113 - INFO - Inserted financials for COST
2025-09-12 20:57:02,380 - INFO - Inserted fundamentals for CTRA
2025-09-12 20:57:02,393 - INFO - Inserted financials for CTRA
2025-09-12 20:57:02,393 - INFO - Processed 130/503 tickers
2025-09-12 20:57:02,688 - INFO - Inserted fundamentals for CRWD
2025-09-12 20:57:02,700 - INFO - Inserted financials for CRWD
2025-09-12 20:57:02,974 - INFO - Inserted fundamentals for CCI
2025-09-12 20:57:02,983 - INFO - Inserted financials for CCI
2025-09-12 20:57:03,274 - INFO - Inserted fundamentals for CSX
2025-09-12 20:57:03,285 - INFO - Inserted financials for CSX
2025-09-12 20:57:03,619 - INFO - Inserted fundamentals for CMI
2025-09-12 20:57:03,631 - INFO - Inserted financials for CMI
2025-09-12 20:57:03,905 - INFO - Inserted fundamentals for CVS
2025-09-12 20:57:03,916 - INFO - Inserted financials for CVS
2025-09-12 20:57:04,232 - INFO - Inserted fundamentals for DHR
2025-09-12 20:57:04,248 - INFO - Inserted financials for DHR
2025-09-12 20:57:04,561 - INFO - Inserted fundamentals for DRI
2025-09-12 20:57:04,579 - INFO - Inserted financials for DRI
2025-09-12 20:57:04,885 - INFO - Inserted fundamentals for DDOG
2025-09-12 20:57:04,895 - INFO - Inserted financials for DDOG
2025-09-12 20:57:05,208 - INFO - Inserted fundamentals for DVA
2025-09-12 20:57:05,219 - INFO - Inserted financials for DVA
2025-09-12 20:57:05,555 - INFO - Inserted fundamentals for DAY
2025-09-12 20:57:05,566 - INFO - Inserted financials for DAY
2025-09-12 20:57:05,566 - INFO - Processed 140/503 tickers
2025-09-12 20:57:05,848 - INFO - Inserted fundamentals for DECK
2025-09-12 20:57:05,859 - INFO - Inserted financials for DECK
2025-09-12 20:57:06,139 - INFO - Inserted fundamentals for DE
2025-09-12 20:57:06,151 - INFO - Inserted financials for DE
2025-09-12 20:57:06,440 - INFO - Inserted fundamentals for DELL
2025-09-12 20:57:06,457 - INFO - Inserted financials for DELL
2025-09-12 20:57:06,746 - INFO - Inserted fundamentals for DAL
2025-09-12 20:57:06,755 - INFO - Inserted financials for DAL
2025-09-12 20:57:07,015 - INFO - Inserted fundamentals for DVN
2025-09-12 20:57:07,025 - INFO - Inserted financials for DVN
2025-09-12 20:57:07,325 - INFO - Inserted fundamentals for DXCM
2025-09-12 20:57:07,334 - INFO - Inserted financials for DXCM
2025-09-12 20:57:07,610 - INFO - Inserted fundamentals for FANG
2025-09-12 20:57:07,622 - INFO - Inserted financials for FANG
2025-09-12 20:57:07,923 - INFO - Inserted fundamentals for DLR
2025-09-12 20:57:07,935 - INFO - Inserted financials for DLR
2025-09-12 20:57:08,220 - INFO - Inserted fundamentals for DG
2025-09-12 20:57:08,233 - INFO - Inserted financials for DG
2025-09-12 20:57:08,502 - INFO - Inserted fundamentals for DLTR
2025-09-12 20:57:08,511 - INFO - Inserted financials for DLTR
2025-09-12 20:57:08,512 - INFO - Processed 150/503 tickers
2025-09-12 20:57:08,774 - INFO - Inserted fundamentals for D
2025-09-12 20:57:08,783 - INFO - Inserted financials for D
2025-09-12 20:57:09,085 - INFO - Inserted fundamentals for DPZ
2025-09-12 20:57:09,097 - INFO - Inserted financials for DPZ
2025-09-12 20:57:09,403 - INFO - Inserted fundamentals for DASH
2025-09-12 20:57:09,413 - INFO - Inserted financials for DASH
2025-09-12 20:57:09,685 - INFO - Inserted fundamentals for DOV
2025-09-12 20:57:09,693 - INFO - Inserted financials for DOV
2025-09-12 20:57:09,987 - INFO - Inserted fundamentals for DOW
2025-09-12 20:57:09,996 - INFO - Inserted financials for DOW
2025-09-12 20:57:10,275 - INFO - Inserted fundamentals for DHI
2025-09-12 20:57:10,286 - INFO - Inserted financials for DHI
2025-09-12 20:57:10,549 - INFO - Inserted fundamentals for DTE
2025-09-12 20:57:10,561 - INFO - Inserted financials for DTE
2025-09-12 20:57:10,858 - INFO - Inserted fundamentals for DUK
2025-09-12 20:57:10,871 - INFO - Inserted financials for DUK
2025-09-12 20:57:11,135 - INFO - Inserted fundamentals for DD
2025-09-12 20:57:11,146 - INFO - Inserted financials for DD
2025-09-12 20:57:11,420 - INFO - Inserted fundamentals for EMN
2025-09-12 20:57:11,430 - INFO - Inserted financials for EMN
2025-09-12 20:57:11,430 - INFO - Processed 160/503 tickers
2025-09-12 20:57:11,715 - INFO - Inserted fundamentals for ETN
2025-09-12 20:57:11,725 - INFO - Inserted financials for ETN
2025-09-12 20:57:12,059 - INFO - Inserted fundamentals for EBAY
2025-09-12 20:57:12,070 - INFO - Inserted financials for EBAY
2025-09-12 20:57:12,344 - INFO - Inserted fundamentals for ECL
2025-09-12 20:57:12,360 - INFO - Inserted financials for ECL
2025-09-12 20:57:12,643 - INFO - Inserted fundamentals for EIX
2025-09-12 20:57:12,653 - INFO - Inserted financials for EIX
2025-09-12 20:57:12,905 - INFO - Inserted fundamentals for EW
2025-09-12 20:57:12,919 - INFO - Inserted financials for EW
2025-09-12 20:57:13,174 - INFO - Inserted fundamentals for EA
2025-09-12 20:57:13,184 - INFO - Inserted financials for EA
2025-09-12 20:57:13,434 - INFO - Inserted fundamentals for ELV
2025-09-12 20:57:13,441 - INFO - Inserted financials for ELV
2025-09-12 20:57:13,697 - INFO - Inserted fundamentals for EMR
2025-09-12 20:57:13,712 - INFO - Inserted financials for EMR
2025-09-12 20:57:13,961 - INFO - Inserted fundamentals for ENPH
2025-09-12 20:57:13,972 - INFO - Inserted financials for ENPH
2025-09-12 20:57:14,227 - INFO - Inserted fundamentals for ETR
2025-09-12 20:57:14,239 - INFO - Inserted financials for ETR
2025-09-12 20:57:14,240 - INFO - Processed 170/503 tickers
2025-09-12 20:57:14,504 - INFO - Inserted fundamentals for EOG
2025-09-12 20:57:14,513 - INFO - Inserted financials for EOG
2025-09-12 20:57:14,848 - INFO - Inserted fundamentals for EPAM
2025-09-12 20:57:14,917 - INFO - Inserted financials for EPAM
2025-09-12 20:57:15,459 - INFO - Inserted fundamentals for EQT
2025-09-12 20:57:15,468 - INFO - Inserted financials for EQT
2025-09-12 20:57:15,864 - INFO - Inserted fundamentals for EFX
2025-09-12 20:57:15,873 - INFO - Inserted financials for EFX
2025-09-12 20:57:16,280 - INFO - Inserted fundamentals for EQIX
2025-09-12 20:57:16,290 - INFO - Inserted financials for EQIX
2025-09-12 20:57:16,694 - INFO - Inserted fundamentals for EQR
2025-09-12 20:57:16,704 - INFO - Inserted financials for EQR
2025-09-12 20:57:17,098 - INFO - Inserted fundamentals for ERIE
2025-09-12 20:57:17,108 - INFO - Inserted financials for ERIE
2025-09-12 20:57:17,693 - INFO - Inserted fundamentals for ESS
2025-09-12 20:57:17,704 - INFO - Inserted financials for ESS
2025-09-12 20:57:18,116 - INFO - Inserted fundamentals for EL
2025-09-12 20:57:18,125 - INFO - Inserted financials for EL
2025-09-12 20:57:18,735 - INFO - Inserted fundamentals for EG
2025-09-12 20:57:18,744 - INFO - Inserted financials for EG
2025-09-12 20:57:18,745 - INFO - Processed 180/503 tickers
2025-09-12 20:57:19,159 - INFO - Inserted fundamentals for EVRG
2025-09-12 20:57:19,169 - INFO - Inserted financials for EVRG
2025-09-12 20:57:19,401 - INFO - Inserted fundamentals for ES
2025-09-12 20:57:19,411 - INFO - Inserted financials for ES
2025-09-12 20:57:19,659 - INFO - Inserted fundamentals for EXC
2025-09-12 20:57:19,669 - INFO - Inserted financials for EXC
2025-09-12 20:57:19,913 - INFO - Inserted fundamentals for EXE
2025-09-12 20:57:19,923 - INFO - Inserted financials for EXE
2025-09-12 20:57:20,160 - INFO - Inserted fundamentals for EXPE
2025-09-12 20:57:20,174 - INFO - Inserted financials for EXPE
2025-09-12 20:57:20,411 - INFO - Inserted fundamentals for EXPD
2025-09-12 20:57:20,425 - INFO - Inserted financials for EXPD
2025-09-12 20:57:20,688 - INFO - Inserted fundamentals for EXR
2025-09-12 20:57:20,697 - INFO - Inserted financials for EXR
2025-09-12 20:57:20,966 - INFO - Inserted fundamentals for XOM
2025-09-12 20:57:20,976 - INFO - Inserted financials for XOM
2025-09-12 20:57:21,227 - INFO - Inserted fundamentals for FFIV
2025-09-12 20:57:21,237 - INFO - Inserted financials for FFIV
2025-09-12 20:57:21,524 - INFO - Inserted fundamentals for FDS
2025-09-12 20:57:21,537 - INFO - Inserted financials for FDS
2025-09-12 20:57:21,537 - INFO - Processed 190/503 tickers
2025-09-12 20:57:21,820 - INFO - Inserted fundamentals for FICO
2025-09-12 20:57:21,830 - INFO - Inserted financials for FICO
2025-09-12 20:57:22,064 - INFO - Inserted fundamentals for FAST
2025-09-12 20:57:22,077 - INFO - Inserted financials for FAST
2025-09-12 20:57:22,348 - INFO - Inserted fundamentals for FRT
2025-09-12 20:57:22,356 - INFO - Inserted financials for FRT
2025-09-12 20:57:22,619 - INFO - Inserted fundamentals for FDX
2025-09-12 20:57:22,633 - INFO - Inserted financials for FDX
2025-09-12 20:57:22,888 - INFO - Inserted fundamentals for FIS
2025-09-12 20:57:22,896 - INFO - Inserted financials for FIS
2025-09-12 20:57:23,149 - INFO - Inserted fundamentals for FITB
2025-09-12 20:57:23,159 - INFO - Inserted financials for FITB
2025-09-12 20:57:23,431 - INFO - Inserted fundamentals for FSLR
2025-09-12 20:57:23,440 - INFO - Inserted financials for FSLR
2025-09-12 20:57:23,713 - INFO - Inserted fundamentals for FE
2025-09-12 20:57:23,725 - INFO - Inserted financials for FE
2025-09-12 20:57:23,986 - INFO - Inserted fundamentals for FI
2025-09-12 20:57:23,997 - INFO - Inserted financials for FI
2025-09-12 20:57:24,259 - INFO - Inserted fundamentals for F
2025-09-12 20:57:24,269 - INFO - Inserted financials for F
2025-09-12 20:57:24,269 - INFO - Processed 200/503 tickers
2025-09-12 20:57:24,568 - INFO - Inserted fundamentals for FTNT
2025-09-12 20:57:24,581 - INFO - Inserted financials for FTNT
2025-09-12 20:57:24,899 - INFO - Inserted fundamentals for FTV
2025-09-12 20:57:24,908 - INFO - Inserted financials for FTV
2025-09-12 20:57:25,183 - INFO - Inserted fundamentals for FOXA
2025-09-12 20:57:25,193 - INFO - Inserted financials for FOXA
2025-09-12 20:57:25,428 - INFO - Inserted fundamentals for FOX
2025-09-12 20:57:25,436 - INFO - Inserted financials for FOX
2025-09-12 20:57:25,695 - INFO - Inserted fundamentals for BEN
2025-09-12 20:57:25,707 - INFO - Inserted financials for BEN
2025-09-12 20:57:25,962 - INFO - Inserted fundamentals for FCX
2025-09-12 20:57:25,972 - INFO - Inserted financials for FCX
2025-09-12 20:57:26,241 - INFO - Inserted fundamentals for GRMN
2025-09-12 20:57:26,250 - INFO - Inserted financials for GRMN
2025-09-12 20:57:26,482 - INFO - Inserted fundamentals for IT
2025-09-12 20:57:26,498 - INFO - Inserted financials for IT
2025-09-12 20:57:26,828 - INFO - Inserted fundamentals for GE
2025-09-12 20:57:26,841 - INFO - Inserted financials for GE
2025-09-12 20:57:27,161 - INFO - Inserted fundamentals for GEHC
2025-09-12 20:57:27,170 - INFO - Inserted financials for GEHC
2025-09-12 20:57:27,170 - INFO - Processed 210/503 tickers
2025-09-12 20:57:27,418 - INFO - Inserted fundamentals for GEV
2025-09-12 20:57:27,429 - INFO - Inserted financials for GEV
2025-09-12 20:57:27,689 - INFO - Inserted fundamentals for GEN
2025-09-12 20:57:27,698 - INFO - Inserted financials for GEN
2025-09-12 20:57:27,968 - INFO - Inserted fundamentals for GNRC
2025-09-12 20:57:27,979 - INFO - Inserted financials for GNRC
2025-09-12 20:57:28,225 - INFO - Inserted fundamentals for GD
2025-09-12 20:57:28,235 - INFO - Inserted financials for GD
2025-09-12 20:57:28,478 - INFO - Inserted fundamentals for GIS
2025-09-12 20:57:28,487 - INFO - Inserted financials for GIS
2025-09-12 20:57:28,791 - INFO - Inserted fundamentals for GM
2025-09-12 20:57:28,810 - INFO - Inserted financials for GM
2025-09-12 20:57:29,070 - INFO - Inserted fundamentals for GPC
2025-09-12 20:57:29,081 - INFO - Inserted financials for GPC
2025-09-12 20:57:29,333 - INFO - Inserted fundamentals for GILD
2025-09-12 20:57:29,346 - INFO - Inserted financials for GILD
2025-09-12 20:57:29,596 - INFO - Inserted fundamentals for GPN
2025-09-12 20:57:29,609 - INFO - Inserted financials for GPN
2025-09-12 20:57:29,930 - INFO - Inserted fundamentals for GL
2025-09-12 20:57:29,940 - INFO - Inserted financials for GL
2025-09-12 20:57:29,940 - INFO - Processed 220/503 tickers
2025-09-12 20:57:30,200 - INFO - Inserted fundamentals for GDDY
2025-09-12 20:57:30,208 - INFO - Inserted financials for GDDY
2025-09-12 20:57:30,452 - INFO - Inserted fundamentals for GS
2025-09-12 20:57:30,459 - INFO - Inserted financials for GS
2025-09-12 20:57:30,758 - INFO - Inserted fundamentals for HAL
2025-09-12 20:57:30,769 - INFO - Inserted financials for HAL
2025-09-12 20:57:31,030 - INFO - Inserted fundamentals for HIG
2025-09-12 20:57:31,041 - INFO - Inserted financials for HIG
2025-09-12 20:57:31,302 - INFO - Inserted fundamentals for HAS
2025-09-12 20:57:31,310 - INFO - Inserted financials for HAS
2025-09-12 20:57:31,624 - INFO - Inserted fundamentals for HCA
2025-09-12 20:57:31,636 - INFO - Inserted financials for HCA
2025-09-12 20:57:31,973 - INFO - Inserted fundamentals for DOC
2025-09-12 20:57:32,023 - INFO - Inserted financials for DOC
2025-09-12 20:57:32,358 - INFO - Inserted fundamentals for HSIC
2025-09-12 20:57:32,367 - INFO - Inserted financials for HSIC
2025-09-12 20:57:32,636 - INFO - Inserted fundamentals for HSY
2025-09-12 20:57:32,644 - INFO - Inserted financials for HSY
2025-09-12 20:57:32,896 - INFO - Inserted fundamentals for HPE
2025-09-12 20:57:32,905 - INFO - Inserted financials for HPE
2025-09-12 20:57:32,905 - INFO - Processed 230/503 tickers
2025-09-12 20:57:33,213 - INFO - Inserted fundamentals for HLT
2025-09-12 20:57:33,223 - INFO - Inserted financials for HLT
2025-09-12 20:57:33,501 - INFO - Inserted fundamentals for HOLX
2025-09-12 20:57:33,511 - INFO - Inserted financials for HOLX
2025-09-12 20:57:33,786 - INFO - Inserted fundamentals for HD
2025-09-12 20:57:33,793 - INFO - Inserted financials for HD
2025-09-12 20:57:34,095 - INFO - Inserted fundamentals for HON
2025-09-12 20:57:34,105 - INFO - Inserted financials for HON
2025-09-12 20:57:34,399 - INFO - Inserted fundamentals for HRL
2025-09-12 20:57:34,428 - INFO - Inserted financials for HRL
2025-09-12 20:57:34,710 - INFO - Inserted fundamentals for HST
2025-09-12 20:57:34,725 - INFO - Inserted financials for HST
2025-09-12 20:57:34,995 - INFO - Inserted fundamentals for HWM
2025-09-12 20:57:35,005 - INFO - Inserted financials for HWM
2025-09-12 20:57:35,293 - INFO - Inserted fundamentals for HPQ
2025-09-12 20:57:35,307 - INFO - Inserted financials for HPQ
2025-09-12 20:57:35,550 - INFO - Inserted fundamentals for HUBB
2025-09-12 20:57:35,558 - INFO - Inserted financials for HUBB
2025-09-12 20:57:35,833 - INFO - Inserted fundamentals for HUM
2025-09-12 20:57:35,843 - INFO - Inserted financials for HUM
2025-09-12 20:57:35,843 - INFO - Processed 240/503 tickers
2025-09-12 20:57:36,142 - INFO - Inserted fundamentals for HBAN
2025-09-12 20:57:36,151 - INFO - Inserted financials for HBAN
2025-09-12 20:57:36,428 - INFO - Inserted fundamentals for HII
2025-09-12 20:57:36,452 - INFO - Inserted financials for HII
2025-09-12 20:57:36,717 - INFO - Inserted fundamentals for IBM
2025-09-12 20:57:36,730 - INFO - Inserted financials for IBM
2025-09-12 20:57:36,986 - INFO - Inserted fundamentals for IEX
2025-09-12 20:57:36,998 - INFO - Inserted financials for IEX
2025-09-12 20:57:37,256 - INFO - Inserted fundamentals for IDXX
2025-09-12 20:57:37,266 - INFO - Inserted financials for IDXX
2025-09-12 20:57:37,512 - INFO - Inserted fundamentals for ITW
2025-09-12 20:57:37,524 - INFO - Inserted financials for ITW
2025-09-12 20:57:37,790 - INFO - Inserted fundamentals for INCY
2025-09-12 20:57:37,801 - INFO - Inserted financials for INCY
2025-09-12 20:57:38,080 - INFO - Inserted fundamentals for IR
2025-09-12 20:57:38,092 - INFO - Inserted financials for IR
2025-09-12 20:57:38,339 - INFO - Inserted fundamentals for PODD
2025-09-12 20:57:38,348 - INFO - Inserted financials for PODD
2025-09-12 20:57:38,641 - INFO - Inserted fundamentals for INTC
2025-09-12 20:57:38,651 - INFO - Inserted financials for INTC
2025-09-12 20:57:38,651 - INFO - Processed 250/503 tickers
2025-09-12 20:57:38,923 - INFO - Inserted fundamentals for IBKR
2025-09-12 20:57:38,933 - INFO - Inserted financials for IBKR
2025-09-12 20:57:39,176 - INFO - Inserted fundamentals for ICE
2025-09-12 20:57:39,185 - INFO - Inserted financials for ICE
2025-09-12 20:57:39,463 - INFO - Inserted fundamentals for IFF
2025-09-12 20:57:39,474 - INFO - Inserted financials for IFF
2025-09-12 20:57:39,735 - INFO - Inserted fundamentals for IP
2025-09-12 20:57:39,746 - INFO - Inserted financials for IP
2025-09-12 20:57:40,023 - INFO - Inserted fundamentals for IPG
2025-09-12 20:57:40,033 - INFO - Inserted financials for IPG
2025-09-12 20:57:40,318 - INFO - Inserted fundamentals for INTU
2025-09-12 20:57:40,328 - INFO - Inserted financials for INTU
2025-09-12 20:57:40,611 - INFO - Inserted fundamentals for ISRG
2025-09-12 20:57:40,623 - INFO - Inserted financials for ISRG
2025-09-12 20:57:40,930 - INFO - Inserted fundamentals for IVZ
2025-09-12 20:57:40,941 - INFO - Inserted financials for IVZ
2025-09-12 20:57:41,225 - INFO - Inserted fundamentals for INVH
2025-09-12 20:57:41,234 - INFO - Inserted financials for INVH
2025-09-12 20:57:41,553 - INFO - Inserted fundamentals for IQV
2025-09-12 20:57:41,564 - INFO - Inserted financials for IQV
2025-09-12 20:57:41,565 - INFO - Processed 260/503 tickers
2025-09-12 20:57:42,131 - INFO - Inserted fundamentals for IRM
2025-09-12 20:57:42,137 - INFO - Inserted financials for IRM
2025-09-12 20:57:42,479 - INFO - Inserted fundamentals for JBHT
2025-09-12 20:57:42,490 - INFO - Inserted financials for JBHT
2025-09-12 20:57:42,737 - INFO - Inserted fundamentals for JBL
2025-09-12 20:57:42,746 - INFO - Inserted financials for JBL
2025-09-12 20:57:42,999 - INFO - Inserted fundamentals for JKHY
2025-09-12 20:57:43,011 - INFO - Inserted financials for JKHY
2025-09-12 20:57:48,815 - INFO - Inserted fundamentals for J
2025-09-12 20:57:48,828 - INFO - Inserted financials for J
2025-09-12 20:57:49,094 - INFO - Inserted fundamentals for JNJ
2025-09-12 20:57:49,104 - INFO - Inserted financials for JNJ
2025-09-12 20:57:49,394 - INFO - Inserted fundamentals for JCI
2025-09-12 20:57:49,407 - INFO - Inserted financials for JCI
2025-09-12 20:57:49,666 - INFO - Inserted fundamentals for JPM
2025-09-12 20:57:49,676 - INFO - Inserted financials for JPM
2025-09-12 20:57:49,929 - INFO - Inserted fundamentals for K
2025-09-12 20:57:49,940 - INFO - Inserted financials for K
2025-09-12 20:57:50,196 - INFO - Inserted fundamentals for KVUE
2025-09-12 20:57:50,205 - INFO - Inserted financials for KVUE
2025-09-12 20:57:50,205 - INFO - Processed 270/503 tickers
2025-09-12 20:57:50,665 - INFO - Inserted fundamentals for KDP
2025-09-12 20:57:50,677 - INFO - Inserted financials for KDP
2025-09-12 20:57:50,952 - INFO - Inserted fundamentals for KEY
2025-09-12 20:57:50,997 - INFO - Inserted financials for KEY
2025-09-12 20:57:51,296 - INFO - Inserted fundamentals for KEYS
2025-09-12 20:57:51,306 - INFO - Inserted financials for KEYS
2025-09-12 20:57:51,707 - INFO - Inserted fundamentals for KMB
2025-09-12 20:57:51,731 - INFO - Inserted financials for KMB
2025-09-12 20:57:52,090 - INFO - Inserted fundamentals for KIM
2025-09-12 20:57:52,102 - INFO - Inserted financials for KIM
2025-09-12 20:57:52,375 - INFO - Inserted fundamentals for KMI
2025-09-12 20:57:52,386 - INFO - Inserted financials for KMI
2025-09-12 20:57:52,642 - INFO - Inserted fundamentals for KKR
2025-09-12 20:57:52,658 - INFO - Inserted financials for KKR
2025-09-12 20:57:52,917 - INFO - Inserted fundamentals for KLAC
2025-09-12 20:57:52,928 - INFO - Inserted financials for KLAC
2025-09-12 20:57:53,191 - INFO - Inserted fundamentals for KHC
2025-09-12 20:57:53,201 - INFO - Inserted financials for KHC
2025-09-12 20:57:53,477 - INFO - Inserted fundamentals for KR
2025-09-12 20:57:53,487 - INFO - Inserted financials for KR
2025-09-12 20:57:53,488 - INFO - Processed 280/503 tickers
2025-09-12 20:57:53,769 - INFO - Inserted fundamentals for LHX
2025-09-12 20:57:53,778 - INFO - Inserted financials for LHX
2025-09-12 20:57:54,017 - INFO - Inserted fundamentals for LH
2025-09-12 20:57:54,027 - INFO - Inserted financials for LH
2025-09-12 20:57:54,281 - INFO - Inserted fundamentals for LRCX
2025-09-12 20:57:54,292 - INFO - Inserted financials for LRCX
2025-09-12 20:57:54,548 - INFO - Inserted fundamentals for LW
2025-09-12 20:57:54,558 - INFO - Inserted financials for LW
2025-09-12 20:57:54,988 - INFO - Inserted fundamentals for LVS
2025-09-12 20:57:55,000 - INFO - Inserted financials for LVS
2025-09-12 20:57:55,259 - INFO - Inserted fundamentals for LDOS
2025-09-12 20:57:55,269 - INFO - Inserted financials for LDOS
2025-09-12 20:57:55,534 - INFO - Inserted fundamentals for LEN
2025-09-12 20:57:55,543 - INFO - Inserted financials for LEN
2025-09-12 20:57:55,788 - INFO - Inserted fundamentals for LII
2025-09-12 20:57:55,797 - INFO - Inserted financials for LII
2025-09-12 20:57:56,060 - INFO - Inserted fundamentals for LLY
2025-09-12 20:57:56,073 - INFO - Inserted financials for LLY
2025-09-12 20:57:56,309 - INFO - Inserted fundamentals for LIN
2025-09-12 20:57:56,320 - INFO - Inserted financials for LIN
2025-09-12 20:57:56,321 - INFO - Processed 290/503 tickers
2025-09-12 20:57:56,589 - INFO - Inserted fundamentals for LYV
2025-09-12 20:57:56,600 - INFO - Inserted financials for LYV
2025-09-12 20:57:56,863 - INFO - Inserted fundamentals for LKQ
2025-09-12 20:57:56,872 - INFO - Inserted financials for LKQ
2025-09-12 20:57:57,154 - INFO - Inserted fundamentals for LMT
2025-09-12 20:57:57,169 - INFO - Inserted financials for LMT
2025-09-12 20:57:57,441 - INFO - Inserted fundamentals for L
2025-09-12 20:57:57,451 - INFO - Inserted financials for L
2025-09-12 20:57:57,737 - INFO - Inserted fundamentals for LOW
2025-09-12 20:57:57,747 - INFO - Inserted financials for LOW
2025-09-12 20:57:58,005 - INFO - Inserted fundamentals for LULU
2025-09-12 20:57:58,018 - INFO - Inserted financials for LULU
2025-09-12 20:57:58,276 - INFO - Inserted fundamentals for LYB
2025-09-12 20:57:58,287 - INFO - Inserted financials for LYB
2025-09-12 20:57:58,545 - INFO - Inserted fundamentals for MTB
2025-09-12 20:57:58,553 - INFO - Inserted financials for MTB
2025-09-12 20:57:58,830 - INFO - Inserted fundamentals for MPC
2025-09-12 20:57:58,842 - INFO - Inserted financials for MPC
2025-09-12 20:57:59,094 - INFO - Inserted fundamentals for MKTX
2025-09-12 20:57:59,101 - INFO - Inserted financials for MKTX
2025-09-12 20:57:59,102 - INFO - Processed 300/503 tickers
2025-09-12 20:57:59,400 - INFO - Inserted fundamentals for MAR
2025-09-12 20:57:59,411 - INFO - Inserted financials for MAR
2025-09-12 20:57:59,698 - INFO - Inserted fundamentals for MMC
2025-09-12 20:57:59,706 - INFO - Inserted financials for MMC
2025-09-12 20:58:00,251 - INFO - Inserted fundamentals for MLM
2025-09-12 20:58:00,269 - INFO - Inserted financials for MLM
2025-09-12 20:58:00,563 - INFO - Inserted fundamentals for MAS
2025-09-12 20:58:00,573 - INFO - Inserted financials for MAS
2025-09-12 20:58:00,843 - INFO - Inserted fundamentals for MA
2025-09-12 20:58:00,854 - INFO - Inserted financials for MA
2025-09-12 20:58:01,178 - INFO - Inserted fundamentals for MTCH
2025-09-12 20:58:01,188 - INFO - Inserted financials for MTCH
2025-09-12 20:58:01,432 - INFO - Inserted fundamentals for MKC
2025-09-12 20:58:01,442 - INFO - Inserted financials for MKC
2025-09-12 20:58:01,697 - INFO - Inserted fundamentals for MCD
2025-09-12 20:58:01,708 - INFO - Inserted financials for MCD
2025-09-12 20:58:01,962 - INFO - Inserted fundamentals for MCK
2025-09-12 20:58:01,974 - INFO - Inserted financials for MCK
2025-09-12 20:58:02,268 - INFO - Inserted fundamentals for MDT
2025-09-12 20:58:02,278 - INFO - Inserted financials for MDT
2025-09-12 20:58:02,279 - INFO - Processed 310/503 tickers
2025-09-12 20:58:02,560 - INFO - Inserted fundamentals for MRK
2025-09-12 20:58:02,569 - INFO - Inserted financials for MRK
2025-09-12 20:58:02,876 - INFO - Inserted fundamentals for META
2025-09-12 20:58:02,889 - INFO - Inserted financials for META
2025-09-12 20:58:03,176 - INFO - Inserted fundamentals for MET
2025-09-12 20:58:03,186 - INFO - Inserted financials for MET
2025-09-12 20:58:03,430 - INFO - Inserted fundamentals for MTD
2025-09-12 20:58:03,440 - INFO - Inserted financials for MTD
2025-09-12 20:58:03,704 - INFO - Inserted fundamentals for MGM
2025-09-12 20:58:03,713 - INFO - Inserted financials for MGM
2025-09-12 20:58:03,963 - INFO - Inserted fundamentals for MCHP
2025-09-12 20:58:03,977 - INFO - Inserted financials for MCHP
2025-09-12 20:58:04,237 - INFO - Inserted fundamentals for MU
2025-09-12 20:58:04,246 - INFO - Inserted financials for MU
2025-09-12 20:58:04,491 - INFO - Inserted fundamentals for MSFT
2025-09-12 20:58:04,502 - INFO - Inserted financials for MSFT
2025-09-12 20:58:04,750 - INFO - Inserted fundamentals for MAA
2025-09-12 20:58:04,764 - INFO - Inserted financials for MAA
2025-09-12 20:58:05,075 - INFO - Inserted fundamentals for MRNA
2025-09-12 20:58:05,085 - INFO - Inserted financials for MRNA
2025-09-12 20:58:05,086 - INFO - Processed 320/503 tickers
2025-09-12 20:58:05,361 - INFO - Inserted fundamentals for MHK
2025-09-12 20:58:05,370 - INFO - Inserted financials for MHK
2025-09-12 20:58:05,627 - INFO - Inserted fundamentals for MOH
2025-09-12 20:58:05,645 - INFO - Inserted financials for MOH
2025-09-12 20:58:05,931 - INFO - Inserted fundamentals for TAP
2025-09-12 20:58:05,947 - INFO - Inserted financials for TAP
2025-09-12 20:58:06,207 - INFO - Inserted fundamentals for MDLZ
2025-09-12 20:58:06,217 - INFO - Inserted financials for MDLZ
2025-09-12 20:58:06,455 - INFO - Inserted fundamentals for MPWR
2025-09-12 20:58:06,465 - INFO - Inserted financials for MPWR
2025-09-12 20:58:06,719 - INFO - Inserted fundamentals for MNST
2025-09-12 20:58:06,726 - INFO - Inserted financials for MNST
2025-09-12 20:58:06,986 - INFO - Inserted fundamentals for MCO
2025-09-12 20:58:06,995 - INFO - Inserted financials for MCO
2025-09-12 20:58:07,265 - INFO - Inserted fundamentals for MS
2025-09-12 20:58:07,277 - INFO - Inserted financials for MS
2025-09-12 20:58:07,559 - INFO - Inserted fundamentals for MOS
2025-09-12 20:58:07,568 - INFO - Inserted financials for MOS
2025-09-12 20:58:07,823 - INFO - Inserted fundamentals for MSI
2025-09-12 20:58:07,834 - INFO - Inserted financials for MSI
2025-09-12 20:58:07,835 - INFO - Processed 330/503 tickers
2025-09-12 20:58:08,120 - INFO - Inserted fundamentals for MSCI
2025-09-12 20:58:08,135 - INFO - Inserted financials for MSCI
2025-09-12 20:58:08,393 - INFO - Inserted fundamentals for NDAQ
2025-09-12 20:58:08,407 - INFO - Inserted financials for NDAQ
2025-09-12 20:58:08,991 - INFO - Inserted fundamentals for NTAP
2025-09-12 20:58:09,012 - INFO - Inserted financials for NTAP
2025-09-12 20:58:09,274 - INFO - Inserted fundamentals for NFLX
2025-09-12 20:58:09,284 - INFO - Inserted financials for NFLX
2025-09-12 20:58:09,558 - INFO - Inserted fundamentals for NEM
2025-09-12 20:58:09,567 - INFO - Inserted financials for NEM
2025-09-12 20:58:09,989 - INFO - Inserted fundamentals for NWSA
2025-09-12 20:58:09,998 - INFO - Inserted financials for NWSA
2025-09-12 20:58:10,270 - INFO - Inserted fundamentals for NWS
2025-09-12 20:58:10,285 - INFO - Inserted financials for NWS
2025-09-12 20:58:10,551 - INFO - Inserted fundamentals for NEE
2025-09-12 20:58:10,562 - INFO - Inserted financials for NEE
2025-09-12 20:58:10,811 - INFO - Inserted fundamentals for NKE
2025-09-12 20:58:10,828 - INFO - Inserted financials for NKE
2025-09-12 20:58:11,074 - INFO - Inserted fundamentals for NI
2025-09-12 20:58:11,081 - INFO - Inserted financials for NI
2025-09-12 20:58:11,081 - INFO - Processed 340/503 tickers
2025-09-12 20:58:11,321 - INFO - Inserted fundamentals for NDSN
2025-09-12 20:58:11,331 - INFO - Inserted financials for NDSN
2025-09-12 20:58:11,589 - INFO - Inserted fundamentals for NSC
2025-09-12 20:58:11,601 - INFO - Inserted financials for NSC
2025-09-12 20:58:11,852 - INFO - Inserted fundamentals for NTRS
2025-09-12 20:58:11,863 - INFO - Inserted financials for NTRS
2025-09-12 20:58:12,153 - INFO - Inserted fundamentals for NOC
2025-09-12 20:58:12,164 - INFO - Inserted financials for NOC
2025-09-12 20:58:12,453 - INFO - Inserted fundamentals for NCLH
2025-09-12 20:58:12,464 - INFO - Inserted financials for NCLH
2025-09-12 20:58:12,719 - INFO - Inserted fundamentals for NRG
2025-09-12 20:58:12,729 - INFO - Inserted financials for NRG
2025-09-12 20:58:12,983 - INFO - Inserted fundamentals for NUE
2025-09-12 20:58:12,994 - INFO - Inserted financials for NUE
2025-09-12 20:58:13,231 - INFO - Inserted fundamentals for NVDA
2025-09-12 20:58:13,242 - INFO - Inserted financials for NVDA
2025-09-12 20:58:13,581 - INFO - Inserted fundamentals for NVR
2025-09-12 20:58:13,595 - INFO - Inserted financials for NVR
2025-09-12 20:58:13,846 - INFO - Inserted fundamentals for NXPI
2025-09-12 20:58:13,857 - INFO - Inserted financials for NXPI
2025-09-12 20:58:13,857 - INFO - Processed 350/503 tickers
2025-09-12 20:58:14,101 - INFO - Inserted fundamentals for ORLY
2025-09-12 20:58:14,111 - INFO - Inserted financials for ORLY
2025-09-12 20:58:14,387 - INFO - Inserted fundamentals for OXY
2025-09-12 20:58:14,396 - INFO - Inserted financials for OXY
2025-09-12 20:58:14,715 - INFO - Inserted fundamentals for ODFL
2025-09-12 20:58:14,727 - INFO - Inserted financials for ODFL
2025-09-12 20:58:14,965 - INFO - Inserted fundamentals for OMC
2025-09-12 20:58:14,974 - INFO - Inserted financials for OMC
2025-09-12 20:58:15,222 - INFO - Inserted fundamentals for ON
2025-09-12 20:58:15,229 - INFO - Inserted financials for ON
2025-09-12 20:58:15,478 - INFO - Inserted fundamentals for OKE
2025-09-12 20:58:15,488 - INFO - Inserted financials for OKE
2025-09-12 20:58:15,741 - INFO - Inserted fundamentals for ORCL
2025-09-12 20:58:15,753 - INFO - Inserted financials for ORCL
2025-09-12 20:58:16,034 - INFO - Inserted fundamentals for OTIS
2025-09-12 20:58:16,045 - INFO - Inserted financials for OTIS
2025-09-12 20:58:16,303 - INFO - Inserted fundamentals for PCAR
2025-09-12 20:58:16,313 - INFO - Inserted financials for PCAR
2025-09-12 20:58:16,593 - INFO - Inserted fundamentals for PKG
2025-09-12 20:58:16,603 - INFO - Inserted financials for PKG
2025-09-12 20:58:16,604 - INFO - Processed 360/503 tickers
2025-09-12 20:58:16,873 - INFO - Inserted fundamentals for PLTR
2025-09-12 20:58:16,883 - INFO - Inserted financials for PLTR
2025-09-12 20:58:17,151 - INFO - Inserted fundamentals for PANW
2025-09-12 20:58:17,165 - INFO - Inserted financials for PANW
2025-09-12 20:58:17,615 - INFO - Inserted fundamentals for PSKY
2025-09-12 20:58:17,624 - INFO - Inserted financials for PSKY
2025-09-12 20:58:17,905 - INFO - Inserted fundamentals for PH
2025-09-12 20:58:17,914 - INFO - Inserted financials for PH
2025-09-12 20:58:18,163 - INFO - Inserted fundamentals for PAYX
2025-09-12 20:58:18,171 - INFO - Inserted financials for PAYX
2025-09-12 20:58:18,424 - INFO - Inserted fundamentals for PAYC
2025-09-12 20:58:18,432 - INFO - Inserted financials for PAYC
2025-09-12 20:58:18,692 - INFO - Inserted fundamentals for PYPL
2025-09-12 20:58:18,701 - INFO - Inserted financials for PYPL
2025-09-12 20:58:18,933 - INFO - Inserted fundamentals for PNR
2025-09-12 20:58:18,942 - INFO - Inserted financials for PNR
2025-09-12 20:58:19,183 - INFO - Inserted fundamentals for PEP
2025-09-12 20:58:19,195 - INFO - Inserted financials for PEP
2025-09-12 20:58:19,448 - INFO - Inserted fundamentals for PFE
2025-09-12 20:58:19,454 - INFO - Inserted financials for PFE
2025-09-12 20:58:19,454 - INFO - Processed 370/503 tickers
2025-09-12 20:58:19,691 - INFO - Inserted fundamentals for PCG
2025-09-12 20:58:19,698 - INFO - Inserted financials for PCG
2025-09-12 20:58:19,935 - INFO - Inserted fundamentals for PM
2025-09-12 20:58:19,944 - INFO - Inserted financials for PM
2025-09-12 20:58:20,224 - INFO - Inserted fundamentals for PSX
2025-09-12 20:58:20,234 - INFO - Inserted financials for PSX
2025-09-12 20:58:20,518 - INFO - Inserted fundamentals for PNW
2025-09-12 20:58:20,533 - INFO - Inserted financials for PNW
2025-09-12 20:58:20,776 - INFO - Inserted fundamentals for PNC
2025-09-12 20:58:20,785 - INFO - Inserted financials for PNC
2025-09-12 20:58:21,070 - INFO - Inserted fundamentals for POOL
2025-09-12 20:58:21,080 - INFO - Inserted financials for POOL
2025-09-12 20:58:21,329 - INFO - Inserted fundamentals for PPG
2025-09-12 20:58:21,344 - INFO - Inserted financials for PPG
2025-09-12 20:58:21,595 - INFO - Inserted fundamentals for PPL
2025-09-12 20:58:21,609 - INFO - Inserted financials for PPL
2025-09-12 20:58:21,853 - INFO - Inserted fundamentals for PFG
2025-09-12 20:58:21,861 - INFO - Inserted financials for PFG
2025-09-12 20:58:22,216 - INFO - Inserted fundamentals for PG
2025-09-12 20:58:22,225 - INFO - Inserted financials for PG
2025-09-12 20:58:22,226 - INFO - Processed 380/503 tickers
2025-09-12 20:58:22,580 - INFO - Inserted fundamentals for PGR
2025-09-12 20:58:22,589 - INFO - Inserted financials for PGR
2025-09-12 20:58:22,880 - INFO - Inserted fundamentals for PLD
2025-09-12 20:58:22,889 - INFO - Inserted financials for PLD
2025-09-12 20:58:23,320 - INFO - Inserted fundamentals for PRU
2025-09-12 20:58:23,333 - INFO - Inserted financials for PRU
2025-09-12 20:58:23,593 - INFO - Inserted fundamentals for PEG
2025-09-12 20:58:23,602 - INFO - Inserted financials for PEG
2025-09-12 20:58:23,865 - INFO - Inserted fundamentals for PTC
2025-09-12 20:58:23,875 - INFO - Inserted financials for PTC
2025-09-12 20:58:24,132 - INFO - Inserted fundamentals for PSA
2025-09-12 20:58:24,140 - INFO - Inserted financials for PSA
2025-09-12 20:58:24,396 - INFO - Inserted fundamentals for PHM
2025-09-12 20:58:24,407 - INFO - Inserted financials for PHM
2025-09-12 20:58:24,696 - INFO - Inserted fundamentals for PWR
2025-09-12 20:58:24,707 - INFO - Inserted financials for PWR
2025-09-12 20:58:25,004 - INFO - Inserted fundamentals for QCOM
2025-09-12 20:58:25,013 - INFO - Inserted financials for QCOM
2025-09-12 20:58:25,325 - INFO - Inserted fundamentals for DGX
2025-09-12 20:58:25,335 - INFO - Inserted financials for DGX
2025-09-12 20:58:25,336 - INFO - Processed 390/503 tickers
2025-09-12 20:58:25,593 - INFO - Inserted fundamentals for RL
2025-09-12 20:58:25,606 - INFO - Inserted financials for RL
2025-09-12 20:58:25,867 - INFO - Inserted fundamentals for RJF
2025-09-12 20:58:25,877 - INFO - Inserted financials for RJF
2025-09-12 20:58:26,185 - INFO - Inserted fundamentals for RTX
2025-09-12 20:58:26,198 - INFO - Inserted financials for RTX
2025-09-12 20:58:26,465 - INFO - Inserted fundamentals for O
2025-09-12 20:58:26,473 - INFO - Inserted financials for O
2025-09-12 20:58:26,766 - INFO - Inserted fundamentals for REG
2025-09-12 20:58:26,778 - INFO - Inserted financials for REG
2025-09-12 20:58:27,159 - INFO - Inserted fundamentals for REGN
2025-09-12 20:58:27,169 - INFO - Inserted financials for REGN
2025-09-12 20:58:27,425 - INFO - Inserted fundamentals for RF
2025-09-12 20:58:27,436 - INFO - Inserted financials for RF
2025-09-12 20:58:27,828 - INFO - Inserted fundamentals for RSG
2025-09-12 20:58:27,841 - INFO - Inserted financials for RSG
2025-09-12 20:58:28,130 - INFO - Inserted fundamentals for RMD
2025-09-12 20:58:28,139 - INFO - Inserted financials for RMD
2025-09-12 20:58:28,405 - INFO - Inserted fundamentals for RVTY
2025-09-12 20:58:28,419 - INFO - Inserted financials for RVTY
2025-09-12 20:58:28,419 - INFO - Processed 400/503 tickers
2025-09-12 20:58:28,689 - INFO - Inserted fundamentals for ROK
2025-09-12 20:58:28,701 - INFO - Inserted financials for ROK
2025-09-12 20:58:28,990 - INFO - Inserted fundamentals for ROL
2025-09-12 20:58:29,001 - INFO - Inserted financials for ROL
2025-09-12 20:58:29,290 - INFO - Inserted fundamentals for ROP
2025-09-12 20:58:29,302 - INFO - Inserted financials for ROP
2025-09-12 20:58:29,599 - INFO - Inserted fundamentals for ROST
2025-09-12 20:58:29,613 - INFO - Inserted financials for ROST
2025-09-12 20:58:29,883 - INFO - Inserted fundamentals for RCL
2025-09-12 20:58:29,893 - INFO - Inserted financials for RCL
2025-09-12 20:58:30,193 - INFO - Inserted fundamentals for SPGI
2025-09-12 20:58:30,204 - INFO - Inserted financials for SPGI
2025-09-12 20:58:30,516 - INFO - Inserted fundamentals for CRM
2025-09-12 20:58:30,530 - INFO - Inserted financials for CRM
2025-09-12 20:58:30,812 - INFO - Inserted fundamentals for SBAC
2025-09-12 20:58:30,819 - INFO - Inserted financials for SBAC
2025-09-12 20:58:31,082 - INFO - Inserted fundamentals for SLB
2025-09-12 20:58:31,093 - INFO - Inserted financials for SLB
2025-09-12 20:58:31,366 - INFO - Inserted fundamentals for STX
2025-09-12 20:58:31,378 - INFO - Inserted financials for STX
2025-09-12 20:58:31,378 - INFO - Processed 410/503 tickers
2025-09-12 20:58:31,682 - INFO - Inserted fundamentals for SRE
2025-09-12 20:58:31,689 - INFO - Inserted financials for SRE
2025-09-12 20:58:31,950 - INFO - Inserted fundamentals for NOW
2025-09-12 20:58:31,959 - INFO - Inserted financials for NOW
2025-09-12 20:58:32,237 - INFO - Inserted fundamentals for SHW
2025-09-12 20:58:32,250 - INFO - Inserted financials for SHW
2025-09-12 20:58:32,505 - INFO - Inserted fundamentals for SPG
2025-09-12 20:58:32,516 - INFO - Inserted financials for SPG
2025-09-12 20:58:32,789 - INFO - Inserted fundamentals for SWKS
2025-09-12 20:58:32,798 - INFO - Inserted financials for SWKS
2025-09-12 20:58:33,093 - INFO - Inserted fundamentals for SJM
2025-09-12 20:58:33,104 - INFO - Inserted financials for SJM
2025-09-12 20:58:33,377 - INFO - Inserted fundamentals for SW
2025-09-12 20:58:33,389 - INFO - Inserted financials for SW
2025-09-12 20:58:33,688 - INFO - Inserted fundamentals for SNA
2025-09-12 20:58:33,701 - INFO - Inserted financials for SNA
2025-09-12 20:58:33,952 - INFO - Inserted fundamentals for SOLV
2025-09-12 20:58:33,965 - INFO - Inserted financials for SOLV
2025-09-12 20:58:34,238 - INFO - Inserted fundamentals for SO
2025-09-12 20:58:34,247 - INFO - Inserted financials for SO
2025-09-12 20:58:34,247 - INFO - Processed 420/503 tickers
2025-09-12 20:58:34,515 - INFO - Inserted fundamentals for LUV
2025-09-12 20:58:34,525 - INFO - Inserted financials for LUV
2025-09-12 20:58:34,804 - INFO - Inserted fundamentals for SWK
2025-09-12 20:58:34,812 - INFO - Inserted financials for SWK
2025-09-12 20:58:35,065 - INFO - Inserted fundamentals for SBUX
2025-09-12 20:58:35,075 - INFO - Inserted financials for SBUX
2025-09-12 20:58:35,408 - INFO - Inserted fundamentals for STT
2025-09-12 20:58:35,415 - INFO - Inserted financials for STT
2025-09-12 20:58:35,687 - INFO - Inserted fundamentals for STLD
2025-09-12 20:58:35,705 - INFO - Inserted financials for STLD
2025-09-12 20:58:36,027 - INFO - Inserted fundamentals for STE
2025-09-12 20:58:36,039 - INFO - Inserted financials for STE
2025-09-12 20:58:36,306 - INFO - Inserted fundamentals for SYK
2025-09-12 20:58:36,316 - INFO - Inserted financials for SYK
2025-09-12 20:58:36,646 - INFO - Inserted fundamentals for SMCI
2025-09-12 20:58:36,657 - INFO - Inserted financials for SMCI
2025-09-12 20:58:36,893 - INFO - Inserted fundamentals for SYF
2025-09-12 20:58:36,900 - INFO - Inserted financials for SYF
2025-09-12 20:58:37,167 - INFO - Inserted fundamentals for SNPS
2025-09-12 20:58:37,176 - INFO - Inserted financials for SNPS
2025-09-12 20:58:37,177 - INFO - Processed 430/503 tickers
2025-09-12 20:58:37,489 - INFO - Inserted fundamentals for SYY
2025-09-12 20:58:37,499 - INFO - Inserted financials for SYY
2025-09-12 20:58:37,772 - INFO - Inserted fundamentals for TMUS
2025-09-12 20:58:37,786 - INFO - Inserted financials for TMUS
2025-09-12 20:58:38,081 - INFO - Inserted fundamentals for TROW
2025-09-12 20:58:38,094 - INFO - Inserted financials for TROW
2025-09-12 20:58:38,334 - INFO - Inserted fundamentals for TTWO
2025-09-12 20:58:38,345 - INFO - Inserted financials for TTWO
2025-09-12 20:58:38,644 - INFO - Inserted fundamentals for TPR
2025-09-12 20:58:38,664 - INFO - Inserted financials for TPR
2025-09-12 20:58:38,923 - INFO - Inserted fundamentals for TRGP
2025-09-12 20:58:38,935 - INFO - Inserted financials for TRGP
2025-09-12 20:58:39,212 - INFO - Inserted fundamentals for TGT
2025-09-12 20:58:39,230 - INFO - Inserted financials for TGT
2025-09-12 20:58:39,485 - INFO - Inserted fundamentals for TEL
2025-09-12 20:58:39,498 - INFO - Inserted financials for TEL
2025-09-12 20:58:39,762 - INFO - Inserted fundamentals for TDY
2025-09-12 20:58:39,772 - INFO - Inserted financials for TDY
2025-09-12 20:58:40,041 - INFO - Inserted fundamentals for TER
2025-09-12 20:58:40,050 - INFO - Inserted financials for TER
2025-09-12 20:58:40,051 - INFO - Processed 440/503 tickers
2025-09-12 20:58:40,318 - INFO - Inserted fundamentals for TSLA
2025-09-12 20:58:40,329 - INFO - Inserted financials for TSLA
2025-09-12 20:58:40,573 - INFO - Inserted fundamentals for TXN
2025-09-12 20:58:40,583 - INFO - Inserted financials for TXN
2025-09-12 20:58:40,849 - INFO - Inserted fundamentals for TPL
2025-09-12 20:58:40,861 - INFO - Inserted financials for TPL
2025-09-12 20:58:41,162 - INFO - Inserted fundamentals for TXT
2025-09-12 20:58:41,173 - INFO - Inserted financials for TXT
2025-09-12 20:58:41,441 - INFO - Inserted fundamentals for TMO
2025-09-12 20:58:41,451 - INFO - Inserted financials for TMO
2025-09-12 20:58:43,686 - INFO - Inserted fundamentals for TJX
2025-09-12 20:58:43,697 - INFO - Inserted financials for TJX
2025-09-12 20:58:43,983 - INFO - Inserted fundamentals for TKO
2025-09-12 20:58:43,995 - INFO - Inserted financials for TKO
2025-09-12 20:58:44,549 - INFO - Inserted fundamentals for TTD
2025-09-12 20:58:44,604 - INFO - Inserted financials for TTD
2025-09-12 20:58:44,876 - INFO - Inserted fundamentals for TSCO
2025-09-12 20:58:44,884 - INFO - Inserted financials for TSCO
2025-09-12 20:58:45,273 - INFO - Inserted fundamentals for TT
2025-09-12 20:58:45,291 - INFO - Inserted financials for TT
2025-09-12 20:58:45,291 - INFO - Processed 450/503 tickers
2025-09-12 20:58:45,558 - INFO - Inserted fundamentals for TDG
2025-09-12 20:58:45,569 - INFO - Inserted financials for TDG
2025-09-12 20:58:45,824 - INFO - Inserted fundamentals for TRV
2025-09-12 20:58:45,832 - INFO - Inserted financials for TRV
2025-09-12 20:58:46,132 - INFO - Inserted fundamentals for TRMB
2025-09-12 20:58:46,142 - INFO - Inserted financials for TRMB
2025-09-12 20:58:46,439 - INFO - Inserted fundamentals for TFC
2025-09-12 20:58:46,453 - INFO - Inserted financials for TFC
2025-09-12 20:58:46,738 - INFO - Inserted fundamentals for TYL
2025-09-12 20:58:46,746 - INFO - Inserted financials for TYL
2025-09-12 20:58:47,003 - INFO - Inserted fundamentals for TSN
2025-09-12 20:58:47,015 - INFO - Inserted financials for TSN
2025-09-12 20:58:47,274 - INFO - Inserted fundamentals for USB
2025-09-12 20:58:47,285 - INFO - Inserted financials for USB
2025-09-12 20:58:47,587 - INFO - Inserted fundamentals for UBER
2025-09-12 20:58:47,597 - INFO - Inserted financials for UBER
2025-09-12 20:58:47,876 - INFO - Inserted fundamentals for UDR
2025-09-12 20:58:47,885 - INFO - Inserted financials for UDR
2025-09-12 20:58:48,191 - INFO - Inserted fundamentals for ULTA
2025-09-12 20:58:48,201 - INFO - Inserted financials for ULTA
2025-09-12 20:58:48,201 - INFO - Processed 460/503 tickers
2025-09-12 20:58:48,445 - INFO - Inserted fundamentals for UNP
2025-09-12 20:58:48,455 - INFO - Inserted financials for UNP
2025-09-12 20:58:48,719 - INFO - Inserted fundamentals for UAL
2025-09-12 20:58:48,732 - INFO - Inserted financials for UAL
2025-09-12 20:58:49,051 - INFO - Inserted fundamentals for UPS
2025-09-12 20:58:49,059 - INFO - Inserted financials for UPS
2025-09-12 20:58:49,337 - INFO - Inserted fundamentals for URI
2025-09-12 20:58:49,347 - INFO - Inserted financials for URI
2025-09-12 20:58:49,639 - INFO - Inserted fundamentals for UNH
2025-09-12 20:58:49,651 - INFO - Inserted financials for UNH
2025-09-12 20:58:49,993 - INFO - Inserted fundamentals for UHS
2025-09-12 20:58:50,004 - INFO - Inserted financials for UHS
2025-09-12 20:58:50,274 - INFO - Inserted fundamentals for VLO
2025-09-12 20:58:50,283 - INFO - Inserted financials for VLO
2025-09-12 20:58:50,580 - INFO - Inserted fundamentals for VTR
2025-09-12 20:58:50,591 - INFO - Inserted financials for VTR
2025-09-12 20:58:50,845 - INFO - Inserted fundamentals for VLTO
2025-09-12 20:58:50,854 - INFO - Inserted financials for VLTO
2025-09-12 20:58:51,122 - INFO - Inserted fundamentals for VRSN
2025-09-12 20:58:51,135 - INFO - Inserted financials for VRSN
2025-09-12 20:58:51,135 - INFO - Processed 470/503 tickers
2025-09-12 20:58:51,482 - INFO - Inserted fundamentals for VRSK
2025-09-12 20:58:51,492 - INFO - Inserted financials for VRSK
2025-09-12 20:58:51,784 - INFO - Inserted fundamentals for VZ
2025-09-12 20:58:51,807 - INFO - Inserted financials for VZ
2025-09-12 20:58:52,090 - INFO - Inserted fundamentals for VRTX
2025-09-12 20:58:52,102 - INFO - Inserted financials for VRTX
2025-09-12 20:58:52,367 - INFO - Inserted fundamentals for VTRS
2025-09-12 20:58:52,375 - INFO - Inserted financials for VTRS
2025-09-12 20:58:52,644 - INFO - Inserted fundamentals for VICI
2025-09-12 20:58:52,656 - INFO - Inserted financials for VICI
2025-09-12 20:58:52,899 - INFO - Inserted fundamentals for V
2025-09-12 20:58:52,908 - INFO - Inserted financials for V
2025-09-12 20:58:53,173 - INFO - Inserted fundamentals for VST
2025-09-12 20:58:53,184 - INFO - Inserted financials for VST
2025-09-12 20:58:53,486 - INFO - Inserted fundamentals for VMC
2025-09-12 20:58:53,496 - INFO - Inserted financials for VMC
2025-09-12 20:58:53,813 - INFO - Inserted fundamentals for WRB
2025-09-12 20:58:53,820 - INFO - Inserted financials for WRB
2025-09-12 20:58:54,167 - INFO - Inserted fundamentals for GWW
2025-09-12 20:58:54,177 - INFO - Inserted financials for GWW
2025-09-12 20:58:54,177 - INFO - Processed 480/503 tickers
2025-09-12 20:58:54,780 - INFO - Inserted fundamentals for WAB
2025-09-12 20:58:54,792 - INFO - Inserted financials for WAB
2025-09-12 20:58:55,190 - INFO - Inserted fundamentals for WMT
2025-09-12 20:58:55,203 - INFO - Inserted financials for WMT
2025-09-12 20:58:55,602 - INFO - Inserted fundamentals for DIS
2025-09-12 20:58:55,612 - INFO - Inserted financials for DIS
2025-09-12 20:58:56,015 - INFO - Inserted fundamentals for WBD
2025-09-12 20:58:56,024 - INFO - Inserted financials for WBD
2025-09-12 20:58:56,620 - INFO - Inserted fundamentals for WM
2025-09-12 20:58:56,633 - INFO - Inserted financials for WM
2025-09-12 20:58:57,969 - INFO - Inserted fundamentals for WAT
2025-09-12 20:58:57,979 - INFO - Inserted financials for WAT
2025-09-12 20:58:58,257 - INFO - Inserted fundamentals for WEC
2025-09-12 20:58:58,266 - INFO - Inserted financials for WEC
2025-09-12 20:58:58,574 - INFO - Inserted fundamentals for WFC
2025-09-12 20:58:58,585 - INFO - Inserted financials for WFC
2025-09-12 20:58:58,848 - INFO - Inserted fundamentals for WELL
2025-09-12 20:58:58,858 - INFO - Inserted financials for WELL
2025-09-12 20:58:59,181 - INFO - Inserted fundamentals for WST
2025-09-12 20:58:59,189 - INFO - Inserted financials for WST
2025-09-12 20:58:59,190 - INFO - Processed 490/503 tickers
2025-09-12 20:58:59,456 - INFO - Inserted fundamentals for WDC
2025-09-12 20:58:59,469 - INFO - Inserted financials for WDC
2025-09-12 20:58:59,735 - INFO - Inserted fundamentals for WY
2025-09-12 20:58:59,745 - INFO - Inserted financials for WY
2025-09-12 20:59:00,023 - INFO - Inserted fundamentals for WSM
2025-09-12 20:59:00,035 - INFO - Inserted financials for WSM
2025-09-12 20:59:00,326 - INFO - Inserted fundamentals for WMB
2025-09-12 20:59:00,333 - INFO - Inserted financials for WMB
2025-09-12 20:59:00,646 - INFO - Inserted fundamentals for WTW
2025-09-12 20:59:00,656 - INFO - Inserted financials for WTW
2025-09-12 20:59:00,909 - INFO - Inserted fundamentals for WDAY
2025-09-12 20:59:00,919 - INFO - Inserted financials for WDAY
2025-09-12 20:59:01,581 - INFO - Inserted fundamentals for WYNN
2025-09-12 20:59:01,591 - INFO - Inserted financials for WYNN
2025-09-12 20:59:01,909 - INFO - Inserted fundamentals for XEL
2025-09-12 20:59:01,919 - INFO - Inserted financials for XEL
2025-09-12 20:59:02,223 - INFO - Inserted fundamentals for XYL
2025-09-12 20:59:02,233 - INFO - Inserted financials for XYL
2025-09-12 20:59:02,495 - INFO - Inserted fundamentals for YUM
2025-09-12 20:59:02,505 - INFO - Inserted financials for YUM
2025-09-12 20:59:02,506 - INFO - Processed 500/503 tickers
2025-09-12 20:59:02,817 - INFO - Inserted fundamentals for ZBRA
2025-09-12 20:59:02,826 - INFO - Inserted financials for ZBRA
2025-09-12 20:59:03,093 - INFO - Inserted fundamentals for ZBH
2025-09-12 20:59:03,104 - INFO - Inserted financials for ZBH
2025-09-12 20:59:03,378 - INFO - Inserted fundamentals for ZTS
2025-09-12 20:59:03,392 - INFO - Inserted financials for ZTS
2025-09-12 20:59:03,392 - INFO - Database connection closed
2025-09-12 20:59:03,392 - INFO - Process Complete
